<?xml version="1.0" encoding="UTF-8"?>
<!-- Generated by org.testng.reporters.JUnitXMLReporter -->
<testsuite hostname="DESKTOP-QT8RIA1" ignored="0" name="Default test" tests="3" failures="0" timestamp="2020-04-02T02:49:14 IST" time="53.349" errors="0">
  <testcase name="openBrowser" time="14.091" classname="com.parameters.Ex2_DataproviderTest"/>
  <testcase name="openBrowser" time="13.236" classname="com.parameters.Ex2_DataproviderTest"/>
  <testcase name="openBrowser" time="11.893" classname="com.parameters.Ex2_DataproviderTest"/>
</testsuite> <!-- Default test -->
